# JRE version: Java(TM) SE Runtime Environment (21.0.6+8) (build 21.0.6+8-LTS-188)
# Java VM: Java HotSpot(TM) 64-Bit Server VM (21.0.6+8-LTS-188, mixed mode, sharing, tiered, compressed oops, compressed class ptrs, g1 gc, bsd-aarch64)
GC Precious Log:
 CardTable entry size: 512
 Card Set container configuration: InlinePtr #cards 4 size 8 Array Of Cards #cards 16 size 48 Howl #buckets 8 coarsen threshold 3686 Howl Bitmap #cards 512 size 80 coarsen threshold 460 Card regions per heap region 1 cards per card region 4096
 CPUs: 8 total, 8 available
 Memory: 16384M
 Large Page Support: Disabled
 NUMA Support: Disabled
 Compressed Oops: Enabled (Zero based)
 Heap Region Size: 2M
 Heap Min Capacity: 8M
 Heap Initial Capacity: 256M
 Heap Max Capacity: 4G
 Pre-touch: Disabled
 Parallel Workers: 8
 Concurrent Workers: 2
 Concurrent Refinement Workers: 8
 Periodic GC: Disabled
Heap:
 garbage-first heap   total 143360K, used 91724K [0x0000000700000000, 0x0000000800000000)
  region size 2048K, 34 young (69632K), 2 survivors (4096K)
 Metaspace       used 35982K, committed 36480K, reserved 1114112K
  class space    used 3931K, committed 4160K, reserved 1048576K
GC Heap History (20 events):
Event: 136.901 GC heap before
{Heap before GC invocations=14 (full 0):
 garbage-first heap   total 143360K, used 107696K [0x0000000700000000, 0x0000000800000000)
  region size 2048K, 42 young (86016K), 3 survivors (6144K)
 Metaspace       used 35832K, committed 36352K, reserved 1114112K
  class space    used 3931K, committed 4160K, reserved 1048576K
}
Event: 136.901 GC heap after
{Heap after GC invocations=15 (full 0):
 garbage-first heap   total 143360K, used 28439K [0x0000000700000000, 0x0000000800000000)
  region size 2048K, 3 young (6144K), 3 survivors (6144K)
 Metaspace       used 35832K, committed 36352K, reserved 1114112K
  class space    used 3931K, committed 4160K, reserved 1048576K
}
Event: 137.167 GC heap before
{Heap before GC invocations=15 (full 0):
 garbage-first heap   total 143360K, used 108311K [0x0000000700000000, 0x0000000800000000)
  region size 2048K, 42 young (86016K), 3 survivors (6144K)
 Metaspace       used 35840K, committed 36352K, reserved 1114112K
  class space    used 3931K, committed 4160K, reserved 1048576K
}
Event: 137.167 GC heap after
{Heap after GC invocations=16 (full 0):
 garbage-first heap   total 143360K, used 25877K [0x0000000700000000, 0x0000000800000000)
  region size 2048K, 2 young (4096K), 2 survivors (4096K)
 Metaspace       used 35840K, committed 36352K, reserved 1114112K
  class space    used 3931K, committed 4160K, reserved 1048576K
}
Event: 137.380 GC heap before
{Heap before GC invocations=16 (full 0):
 garbage-first heap   total 143360K, used 107797K [0x0000000700000000, 0x0000000800000000)
  region size 2048K, 42 young (86016K), 2 survivors (4096K)
 Metaspace       used 35855K, committed 36352K, reserved 1114112K
  class space    used 3931K, committed 4160K, reserved 1048576K
}
Event: 137.381 GC heap after
{Heap after GC invocations=17 (full 0):
 garbage-first heap   total 143360K, used 26009K [0x0000000700000000, 0x0000000800000000)
  region size 2048K, 2 young (4096K), 2 survivors (4096K)
 Metaspace       used 35855K, committed 36352K, reserved 1114112K
  class space    used 3931K, committed 4160K, reserved 1048576K
}
Event: 137.640 GC heap before
{Heap before GC invocations=17 (full 0):
 garbage-first heap   total 143360K, used 105881K [0x0000000700000000, 0x0000000800000000)
  region size 2048K, 42 young (86016K), 2 survivors (4096K)
 Metaspace       used 35862K, committed 36352K, reserved 1114112K
  class space    used 3931K, committed 4160K, reserved 1048576K
}
Event: 137.641 GC heap after
{Heap after GC invocations=18 (full 0):
 garbage-first heap   total 143360K, used 30460K [0x0000000700000000, 0x0000000800000000)
  region size 2048K, 4 young (8192K), 4 survivors (8192K)
 Metaspace       used 35862K, committed 36352K, reserved 1114112K
  class space    used 3931K, committed 4160K, reserved 1048576K
}
Event: 137.907 GC heap before
{Heap before GC invocations=18 (full 0):
 garbage-first heap   total 143360K, used 108284K [0x0000000700000000, 0x0000000800000000)
  region size 2048K, 42 young (86016K), 4 survivors (8192K)
 Metaspace       used 35877K, committed 36416K, reserved 1114112K
  class space    used 3931K, committed 4160K, reserved 1048576K
}
Event: 137.908 GC heap after
{Heap after GC invocations=19 (full 0):
 garbage-first heap   total 143360K, used 27123K [0x0000000700000000, 0x0000000800000000)
  region size 2048K, 3 young (6144K), 3 survivors (6144K)
 Metaspace       used 35877K, committed 36416K, reserved 1114112K
  class space    used 3931K, committed 4160K, reserved 1048576K
}
Event: 138.172 GC heap before
{Heap before GC invocations=19 (full 0):
 garbage-first heap   total 143360K, used 104947K [0x0000000700000000, 0x0000000800000000)
  region size 2048K, 42 young (86016K), 3 survivors (6144K)
 Metaspace       used 35902K, committed 36416K, reserved 1114112K
  class space    used 3931K, committed 4160K, reserved 1048576K
}
Event: 138.173 GC heap after
{Heap after GC invocations=20 (full 0):
 garbage-first heap   total 143360K, used 27114K [0x0000000700000000, 0x0000000800000000)
  region size 2048K, 3 young (6144K), 3 survivors (6144K)
 Metaspace       used 35902K, committed 36416K, reserved 1114112K
  class space    used 3931K, committed 4160K, reserved 1048576K
}
Event: 138.438 GC heap before
{Heap before GC invocations=20 (full 0):
 garbage-first heap   total 143360K, used 106986K [0x0000000700000000, 0x0000000800000000)
  region size 2048K, 42 young (86016K), 3 survivors (6144K)
 Metaspace       used 35908K, committed 36480K, reserved 1114112K
  class space    used 3931K, committed 4160K, reserved 1048576K
}
Event: 138.439 GC heap after
{Heap after GC invocations=21 (full 0):
 garbage-first heap   total 143360K, used 29804K [0x0000000700000000, 0x0000000800000000)
  region size 2048K, 4 young (8192K), 4 survivors (8192K)
 Metaspace       used 35908K, committed 36480K, reserved 1114112K
  class space    used 3931K, committed 4160K, reserved 1048576K
}
Event: 138.668 GC heap before
{Heap before GC invocations=21 (full 0):
 garbage-first heap   total 143360K, used 107628K [0x0000000700000000, 0x0000000800000000)
  region size 2048K, 42 young (86016K), 4 survivors (8192K)
 Metaspace       used 35920K, committed 36480K, reserved 1114112K
  class space    used 3931K, committed 4160K, reserved 1048576K
}
Event: 138.668 GC heap after
{Heap after GC invocations=22 (full 0):
 garbage-first heap   total 143360K, used 26274K [0x0000000700000000, 0x0000000800000000)
  region size 2048K, 1 young (2048K), 1 survivors (2048K)
 Metaspace       used 35920K, committed 36480K, reserved 1114112K
  class space    used 3931K, committed 4160K, reserved 1048576K
}
Event: 138.935 GC heap before
{Heap before GC invocations=22 (full 0):
 garbage-first heap   total 143360K, used 110242K [0x0000000700000000, 0x0000000800000000)
  region size 2048K, 42 young (86016K), 1 survivors (2048K)
 Metaspace       used 35934K, committed 36480K, reserved 1114112K
  class space    used 3931K, committed 4160K, reserved 1048576K
}
Event: 138.935 GC heap after
{Heap after GC invocations=23 (full 0):
 garbage-first heap   total 143360K, used 27486K [0x0000000700000000, 0x0000000800000000)
  region size 2048K, 2 young (4096K), 2 survivors (4096K)
 Metaspace       used 35934K, committed 36480K, reserved 1114112K
  class space    used 3931K, committed 4160K, reserved 1048576K
}
Event: 139.201 GC heap before
{Heap before GC invocations=23 (full 0):
 garbage-first heap   total 143360K, used 107358K [0x0000000700000000, 0x0000000800000000)
  region size 2048K, 42 young (86016K), 2 survivors (4096K)
 Metaspace       used 35946K, committed 36480K, reserved 1114112K
  class space    used 3931K, committed 4160K, reserved 1048576K
}
Event: 139.202 GC heap after
{Heap after GC invocations=24 (full 0):
 garbage-first heap   total 143360K, used 28236K [0x0000000700000000, 0x0000000800000000)
  region size 2048K, 2 young (4096K), 2 survivors (4096K)
 Metaspace       used 35946K, committed 36480K, reserved 1114112K
  class space    used 3931K, committed 4160K, reserved 1048576K
}

