# JRE version: Java(TM) SE Runtime Environment (21.0.6+8) (build 21.0.6+8-LTS-188)
# Java VM: Java HotSpot(TM) 64-Bit Server VM (21.0.6+8-LTS-188, mixed mode, sharing, tiered, compressed oops, compressed class ptrs, g1 gc, bsd-aarch64)
GC Precious Log:
 CardTable entry size: 512
 Card Set container configuration: InlinePtr #cards 4 size 8 Array Of Cards #cards 16 size 48 Howl #buckets 8 coarsen threshold 3686 Howl Bitmap #cards 512 size 80 coarsen threshold 460 Card regions per heap region 1 cards per card region 4096
 CPUs: 8 total, 8 available
 Memory: 16384M
 Large Page Support: Disabled
 NUMA Support: Disabled
 Compressed Oops: Enabled (Zero based)
 Heap Region Size: 2M
 Heap Min Capacity: 8M
 Heap Initial Capacity: 256M
 Heap Max Capacity: 4G
 Pre-touch: Disabled
 Parallel Workers: 8
 Concurrent Workers: 2
 Concurrent Refinement Workers: 8
 Periodic GC: Disabled
Heap:
 garbage-first heap   total 251904K, used 53227K [0x0000000700000000, 0x0000000800000000)
  region size 2048K, 20 young (40960K), 6 survivors (12288K)
 Metaspace       used 35069K, committed 35584K, reserved 1114112K
  class space    used 3897K, committed 4096K, reserved 1048576K
GC Heap History (20 events):
Event: 9.782 GC heap before
{Heap before GC invocations=6 (full 0):
 garbage-first heap   total 251904K, used 161141K [0x0000000700000000, 0x0000000800000000)
  region size 2048K, 73 young (149504K), 4 survivors (8192K)
 Metaspace       used 34447K, committed 34880K, reserved 1114112K
  class space    used 3896K, committed 4096K, reserved 1048576K
}
Event: 9.784 GC heap after
{Heap after GC invocations=7 (full 0):
 garbage-first heap   total 251904K, used 22001K [0x0000000700000000, 0x0000000800000000)
  region size 2048K, 4 young (8192K), 4 survivors (8192K)
 Metaspace       used 34447K, committed 34880K, reserved 1114112K
  class space    used 3896K, committed 4096K, reserved 1048576K
}
Event: 10.216 GC heap before
{Heap before GC invocations=7 (full 0):
 garbage-first heap   total 251904K, used 163313K [0x0000000700000000, 0x0000000800000000)
  region size 2048K, 73 young (149504K), 4 survivors (8192K)
 Metaspace       used 34552K, committed 35072K, reserved 1114112K
  class space    used 3896K, committed 4096K, reserved 1048576K
}
Event: 10.217 GC heap after
{Heap after GC invocations=8 (full 0):
 garbage-first heap   total 251904K, used 22030K [0x0000000700000000, 0x0000000800000000)
  region size 2048K, 4 young (8192K), 4 survivors (8192K)
 Metaspace       used 34552K, committed 35072K, reserved 1114112K
  class space    used 3896K, committed 4096K, reserved 1048576K
}
Event: 10.680 GC heap before
{Heap before GC invocations=8 (full 0):
 garbage-first heap   total 251904K, used 163342K [0x0000000700000000, 0x0000000800000000)
  region size 2048K, 73 young (149504K), 4 survivors (8192K)
 Metaspace       used 34620K, committed 35136K, reserved 1114112K
  class space    used 3896K, committed 4096K, reserved 1048576K
}
Event: 10.681 GC heap after
{Heap after GC invocations=9 (full 0):
 garbage-first heap   total 251904K, used 23694K [0x0000000700000000, 0x0000000800000000)
  region size 2048K, 5 young (10240K), 5 survivors (10240K)
 Metaspace       used 34620K, committed 35136K, reserved 1114112K
  class space    used 3896K, committed 4096K, reserved 1048576K
}
Event: 11.144 GC heap before
{Heap before GC invocations=9 (full 0):
 garbage-first heap   total 251904K, used 162958K [0x0000000700000000, 0x0000000800000000)
  region size 2048K, 73 young (149504K), 5 survivors (10240K)
 Metaspace       used 34722K, committed 35200K, reserved 1114112K
  class space    used 3896K, committed 4096K, reserved 1048576K
}
Event: 11.146 GC heap after
{Heap after GC invocations=10 (full 0):
 garbage-first heap   total 251904K, used 21700K [0x0000000700000000, 0x0000000800000000)
  region size 2048K, 4 young (8192K), 4 survivors (8192K)
 Metaspace       used 34722K, committed 35200K, reserved 1114112K
  class space    used 3896K, committed 4096K, reserved 1048576K
}
Event: 11.609 GC heap before
{Heap before GC invocations=10 (full 0):
 garbage-first heap   total 251904K, used 163012K [0x0000000700000000, 0x0000000800000000)
  region size 2048K, 73 young (149504K), 4 survivors (8192K)
 Metaspace       used 34764K, committed 35264K, reserved 1114112K
  class space    used 3896K, committed 4096K, reserved 1048576K
}
Event: 11.611 GC heap after
{Heap after GC invocations=11 (full 0):
 garbage-first heap   total 251904K, used 21837K [0x0000000700000000, 0x0000000800000000)
  region size 2048K, 4 young (8192K), 4 survivors (8192K)
 Metaspace       used 34764K, committed 35264K, reserved 1114112K
  class space    used 3896K, committed 4096K, reserved 1048576K
}
Event: 12.016 GC heap before
{Heap before GC invocations=11 (full 0):
 garbage-first heap   total 251904K, used 163149K [0x0000000700000000, 0x0000000800000000)
  region size 2048K, 73 young (149504K), 4 survivors (8192K)
 Metaspace       used 34812K, committed 35264K, reserved 1114112K
  class space    used 3897K, committed 4096K, reserved 1048576K
}
Event: 12.018 GC heap after
{Heap after GC invocations=12 (full 0):
 garbage-first heap   total 251904K, used 23407K [0x0000000700000000, 0x0000000800000000)
  region size 2048K, 5 young (10240K), 5 survivors (10240K)
 Metaspace       used 34812K, committed 35264K, reserved 1114112K
  class space    used 3897K, committed 4096K, reserved 1048576K
}
Event: 12.482 GC heap before
{Heap before GC invocations=12 (full 0):
 garbage-first heap   total 251904K, used 160623K [0x0000000700000000, 0x0000000800000000)
  region size 2048K, 73 young (149504K), 5 survivors (10240K)
 Metaspace       used 34885K, committed 35392K, reserved 1114112K
  class space    used 3897K, committed 4096K, reserved 1048576K
}
Event: 12.484 GC heap after
{Heap after GC invocations=13 (full 0):
 garbage-first heap   total 251904K, used 23074K [0x0000000700000000, 0x0000000800000000)
  region size 2048K, 5 young (10240K), 5 survivors (10240K)
 Metaspace       used 34885K, committed 35392K, reserved 1114112K
  class space    used 3897K, committed 4096K, reserved 1048576K
}
Event: 12.946 GC heap before
{Heap before GC invocations=13 (full 0):
 garbage-first heap   total 251904K, used 160290K [0x0000000700000000, 0x0000000800000000)
  region size 2048K, 73 young (149504K), 5 survivors (10240K)
 Metaspace       used 34976K, committed 35456K, reserved 1114112K
  class space    used 3897K, committed 4096K, reserved 1048576K
}
Event: 12.948 GC heap after
{Heap after GC invocations=14 (full 0):
 garbage-first heap   total 251904K, used 21844K [0x0000000700000000, 0x0000000800000000)
  region size 2048K, 4 young (8192K), 4 survivors (8192K)
 Metaspace       used 34976K, committed 35456K, reserved 1114112K
  class space    used 3897K, committed 4096K, reserved 1048576K
}
Event: 13.409 GC heap before
{Heap before GC invocations=14 (full 0):
 garbage-first heap   total 251904K, used 161108K [0x0000000700000000, 0x0000000800000000)
  region size 2048K, 73 young (149504K), 4 survivors (8192K)
 Metaspace       used 34995K, committed 35456K, reserved 1114112K
  class space    used 3897K, committed 4096K, reserved 1048576K
}
Event: 13.410 GC heap after
{Heap after GC invocations=15 (full 0):
 garbage-first heap   total 251904K, used 22656K [0x0000000700000000, 0x0000000800000000)
  region size 2048K, 5 young (10240K), 5 survivors (10240K)
 Metaspace       used 34995K, committed 35456K, reserved 1114112K
  class space    used 3897K, committed 4096K, reserved 1048576K
}
Event: 13.818 GC heap before
{Heap before GC invocations=15 (full 0):
 garbage-first heap   total 251904K, used 159872K [0x0000000700000000, 0x0000000800000000)
  region size 2048K, 73 young (149504K), 5 survivors (10240K)
 Metaspace       used 35027K, committed 35520K, reserved 1114112K
  class space    used 3897K, committed 4096K, reserved 1048576K
}
Event: 13.819 GC heap after
{Heap after GC invocations=16 (full 0):
 garbage-first heap   total 251904K, used 24555K [0x0000000700000000, 0x0000000800000000)
  region size 2048K, 6 young (12288K), 6 survivors (12288K)
 Metaspace       used 35027K, committed 35520K, reserved 1114112K
  class space    used 3897K, committed 4096K, reserved 1048576K
}

